<?xml version="1.0" encoding="UTF-8"?>
<!-- Generated by org.testng.reporters.JUnitReportReporter -->
<testsuite hostname="soumik" failures="0" tests="1" name="TestSuites.SmokeTesting" time="18.022" errors="0" timestamp="03 Sep 2023 10:55:48 GMT" skipped="0">
  <testcase classname="TestSuites.SmokeTesting" name="testing" time="18.022"/>
</testsuite> <!-- TestSuites.SmokeTesting -->
