<?xml version="1.0" encoding="UTF-8"?>
<!-- Generated by org.testng.reporters.JUnitReportReporter -->
<testsuite hostname="soumik" failures="0" tests="3" name="TestSuites.TestCases" time="51.586" errors="0" timestamp="04 Sep 2023 18:33:42 GMT" skipped="0">
  <testcase classname="TestSuites.TestCases" name="hospitalNames" time="12.294"/>
  <testcase classname="TestSuites.TestCases" name="TopCities" time="11.299"/>
  <testcase classname="TestSuites.TestCases" name="CaptureAlert" time="27.993"/>
</testsuite> <!-- TestSuites.TestCases -->
